# JRE version: Java(TM) SE Runtime Environment (8.0_31-b13) (build 1.8.0_31-b13)
# Java VM: Java HotSpot(TM) 64-Bit Server VM (25.31-b07 mixed mode linux-amd64 compressed oops)
Heap:
 PSYoungGen      total 80384K, used 2407K [0x00000000fab00000, 0x0000000100000000, 0x0000000100000000)
  eden space 73728K, 0% used [0x00000000fab00000,0x00000000fab00000,0x00000000ff300000)
  from space 6656K, 36% used [0x00000000ff300000,0x00000000ff559cb0,0x00000000ff980000)
  to   space 6656K, 0% used [0x00000000ff980000,0x00000000ff980000,0x0000000100000000)
 ParOldGen       total 40960K, used 40799K [0x00000000f0000000, 0x00000000f2800000, 0x00000000fab00000)
  object space 40960K, 99% used [0x00000000f0000000,0x00000000f27d7e50,0x00000000f2800000)
 Metaspace       used 12403K, capacity 12554K, committed 12672K, reserved 1060864K
  class space    used 1283K, capacity 1311K, committed 1408K, reserved 1048576K
GC Heap History (10 events):
Event: 7,755 GC heap after
Heap after GC invocations=7 (full 0):
 PSYoungGen      total 67584K, used 5878K [0x00000000fab00000, 0x0000000100000000, 0x0000000100000000)
  eden space 61440K, 0% used [0x00000000fab00000,0x00000000fab00000,0x00000000fe700000)
  from space 6144K, 95% used [0x00000000fe700000,0x00000000fecbd8f8,0x00000000fed00000)
  to   space 6656K, 0% used [0x00000000ff980000,0x00000000ff980000,0x0000000100000000)
 ParOldGen       total 40960K, used 9630K [0x00000000f0000000, 0x00000000f2800000, 0x00000000fab00000)
  object space 40960K, 23% used [0x00000000f0000000,0x00000000f0967870,0x00000000f2800000)
 Metaspace       used 9543K, capacity 9732K, committed 9856K, reserved 1058816K
  class space    used 1084K, capacity 1118K, committed 1152K, reserved 1048576K
}
Event: 8,053 GC heap before
{Heap before GC invocations=8 (full 0):
 PSYoungGen      total 67584K, used 67318K [0x00000000fab00000, 0x0000000100000000, 0x0000000100000000)
  eden space 61440K, 100% used [0x00000000fab00000,0x00000000fe700000,0x00000000fe700000)
  from space 6144K, 95% used [0x00000000fe700000,0x00000000fecbd8f8,0x00000000fed00000)
  to   space 6656K, 0% used [0x00000000ff980000,0x00000000ff980000,0x0000000100000000)
 ParOldGen       total 40960K, used 9630K [0x00000000f0000000, 0x00000000f2800000, 0x00000000fab00000)
  object space 40960K, 23% used [0x00000000f0000000,0x00000000f0967870,0x00000000f2800000)
 Metaspace       used 9964K, capacity 10148K, committed 10368K, reserved 1058816K
  class space    used 1111K, capacity 1150K, committed 1152K, reserved 1048576K
Event: 8,069 GC heap after
Heap after GC invocations=8 (full 0):
 PSYoungGen      total 80384K, used 4884K [0x00000000fab00000, 0x0000000100000000, 0x0000000100000000)
  eden space 73728K, 0% used [0x00000000fab00000,0x00000000fab00000,0x00000000ff300000)
  from space 6656K, 73% used [0x00000000ff980000,0x00000000ffe45000,0x0000000100000000)
  to   space 6656K, 0% used [0x00000000ff300000,0x00000000ff300000,0x00000000ff980000)
 ParOldGen       total 40960K, used 10350K [0x00000000f0000000, 0x00000000f2800000, 0x00000000fab00000)
  object space 40960K, 25% used [0x00000000f0000000,0x00000000f0a1b880,0x00000000f2800000)
 Metaspace       used 9964K, capacity 10148K, committed 10368K, reserved 1058816K
  class space    used 1111K, capacity 1150K, committed 1152K, reserved 1048576K
}
Event: 8,428 GC heap before
{Heap before GC invocations=9 (full 0):
 PSYoungGen      total 80384K, used 78612K [0x00000000fab00000, 0x0000000100000000, 0x0000000100000000)
  eden space 73728K, 100% used [0x00000000fab00000,0x00000000ff300000,0x00000000ff300000)
  from space 6656K, 73% used [0x00000000ff980000,0x00000000ffe45000,0x0000000100000000)
  to   space 6656K, 0% used [0x00000000ff300000,0x00000000ff300000,0x00000000ff980000)
 ParOldGen       total 40960K, used 10350K [0x00000000f0000000, 0x00000000f2800000, 0x00000000fab00000)
  object space 40960K, 25% used [0x00000000f0000000,0x00000000f0a1b880,0x00000000f2800000)
 Metaspace       used 11145K, capacity 11268K, committed 11520K, reserved 1058816K
  class space    used 1218K, capacity 1246K, committed 1280K, reserved 1048576K
Event: 8,442 GC heap after
Heap after GC invocations=9 (full 0):
 PSYoungGen      total 80384K, used 4739K [0x00000000fab00000, 0x0000000100000000, 0x0000000100000000)
  eden space 73728K, 0% used [0x00000000fab00000,0x00000000fab00000,0x00000000ff300000)
  from space 6656K, 71% used [0x00000000ff300000,0x00000000ff7a0e28,0x00000000ff980000)
  to   space 6656K, 0% used [0x00000000ff980000,0x00000000ff980000,0x0000000100000000)
 ParOldGen       total 40960K, used 11702K [0x00000000f0000000, 0x00000000f2800000, 0x00000000fab00000)
  object space 40960K, 28% used [0x00000000f0000000,0x00000000f0b6d8b0,0x00000000f2800000)
 Metaspace       used 11145K, capacity 11268K, committed 11520K, reserved 1058816K
  class space    used 1218K, capacity 1246K, committed 1280K, reserved 1048576K
}
Event: 9,983 GC heap before
{Heap before GC invocations=10 (full 0):
 PSYoungGen      total 80384K, used 78467K [0x00000000fab00000, 0x0000000100000000, 0x0000000100000000)
  eden space 73728K, 100% used [0x00000000fab00000,0x00000000ff300000,0x00000000ff300000)
  from space 6656K, 71% used [0x00000000ff300000,0x00000000ff7a0e28,0x00000000ff980000)
  to   space 6656K, 0% used [0x00000000ff980000,0x00000000ff980000,0x0000000100000000)
 ParOldGen       total 40960K, used 11702K [0x00000000f0000000, 0x00000000f2800000, 0x00000000fab00000)
  object space 40960K, 28% used [0x00000000f0000000,0x00000000f0b6d8b0,0x00000000f2800000)
 Metaspace       used 12164K, capacity 12298K, committed 12416K, reserved 1060864K
  class space    used 1278K, capacity 1311K, committed 1408K, reserved 1048576K
Event: 10,027 GC heap after
Heap after GC invocations=10 (full 0):
 PSYoungGen      total 80384K, used 3969K [0x00000000fab00000, 0x0000000100000000, 0x0000000100000000)
  eden space 73728K, 0% used [0x00000000fab00000,0x00000000fab00000,0x00000000ff300000)
  from space 6656K, 59% used [0x00000000ff980000,0x00000000ffd606e8,0x0000000100000000)
  to   space 6656K, 0% used [0x00000000ff300000,0x00000000ff300000,0x00000000ff980000)
 ParOldGen       total 40960K, used 14925K [0x00000000f0000000, 0x00000000f2800000, 0x00000000fab00000)
  object space 40960K, 36% used [0x00000000f0000000,0x00000000f0e93650,0x00000000f2800000)
 Metaspace       used 12164K, capacity 12298K, committed 12416K, reserved 1060864K
  class space    used 1278K, capacity 1311K, committed 1408K, reserved 1048576K
}
Event: 50,198 GC heap before
{Heap before GC invocations=11 (full 0):
 PSYoungGen      total 80384K, used 77697K [0x00000000fab00000, 0x0000000100000000, 0x0000000100000000)
  eden space 73728K, 100% used [0x00000000fab00000,0x00000000ff300000,0x00000000ff300000)
  from space 6656K, 59% used [0x00000000ff980000,0x00000000ffd606e8,0x0000000100000000)
  to   space 6656K, 0% used [0x00000000ff300000,0x00000000ff300000,0x00000000ff980000)
 ParOldGen       total 40960K, used 14925K [0x00000000f0000000, 0x00000000f2800000, 0x00000000fab00000)
  object space 40960K, 36% used [0x00000000f0000000,0x00000000f0e93650,0x00000000f2800000)
 Metaspace       used 12403K, capacity 12554K, committed 12672K, reserved 1060864K
  class space    used 1283K, capacity 1311K, committed 1408K, reserved 1048576K
Event: 51,345 GC heap after
Heap after GC invocations=11 (full 0):
 PSYoungGen      total 80384K, used 6653K [0x00000000fab00000, 0x0000000100000000, 0x0000000100000000)
  eden space 73728K, 0% used [0x00000000fab00000,0x00000000fab00000,0x00000000ff300000)
  from space 6656K, 99% used [0x00000000ff300000,0x00000000ff97f728,0x00000000ff980000)
  to   space 6656K, 0% used [0x00000000ff980000,0x00000000ff980000,0x0000000100000000)
 ParOldGen       total 40960K, used 39352K [0x00000000f0000000, 0x00000000f2800000, 0x00000000fab00000)
  object space 40960K, 96% used [0x00000000f0000000,0x00000000f266e280,0x00000000f2800000)
 Metaspace       used 12403K, capacity 12554K, committed 12672K, reserved 1060864K
  class space    used 1283K, capacity 1311K, committed 1408K, reserved 1048576K
}
Event: 51,810 GC heap before
{Heap before GC invocations=12 (full 1):
 PSYoungGen      total 80384K, used 6653K [0x00000000fab00000, 0x0000000100000000, 0x0000000100000000)
  eden space 73728K, 0% used [0x00000000fab00000,0x00000000fab00000,0x00000000ff300000)
  from space 6656K, 99% used [0x00000000ff300000,0x00000000ff97f728,0x00000000ff980000)
  to   space 6656K, 0% used [0x00000000ff980000,0x00000000ff980000,0x0000000100000000)
 ParOldGen       total 40960K, used 39352K [0x00000000f0000000, 0x00000000f2800000, 0x00000000fab00000)
  object space 40960K, 96% used [0x00000000f0000000,0x00000000f266e280,0x00000000f2800000)
 Metaspace       used 12403K, capacity 12554K, committed 12672K, reserved 1060864K
  class space    used 1283K, capacity 1311K, committed 1408K, reserved 1048576K

